<?xml version="1.0" encoding="UTF-8"?>
<testsuite name="com.demo.tests.LoginTests" tests="2" skipped="0" failures="0" errors="0" timestamp="2025-05-03T17:27:02" hostname="LAPTOP-6EFDPQFV" time="27.147">
  <properties/>
  <testcase name="loginNegativeWithoutEmailTest" classname="com.demo.tests.LoginTests" time="2.452"/>
  <testcase name="loginPositiveTest" classname="com.demo.tests.LoginTests" time="3.715"/>
  <system-out><![CDATA[19:26:47.675 [Test worker] INFO  com.demo.utils.MyListener -- Before find elements -> Logger[com.demo.utils.MyListener]
19:26:47.675 [Test worker] INFO  com.demo.utils.MyListener -- =========================================================
19:26:47.692 [Test worker] INFO  com.demo.utils.MyListener -- List size -> 2
19:26:47.694 [Test worker] INFO  com.demo.utils.MyListener -- =========================================================
19:26:47.694 [Test worker] INFO  com.demo.utils.MyListener -- The locator will find -> By.cssSelector: span.cart-label
19:26:47.695 [Test worker] INFO  com.demo.utils.MyListener -- =========================================================
19:26:49.770 [Test worker] INFO  com.demo.utils.MyListener -- The locator is -> By.cssSelector: span.cart-label
19:26:49.770 [Test worker] INFO  com.demo.utils.MyListener -- =========================================================
19:26:50.356 [Test worker] INFO  com.demo.utils.MyListener -- Before find elements -> Logger[com.demo.utils.MyListener]
19:26:50.358 [Test worker] INFO  com.demo.utils.MyListener -- =========================================================
19:27:00.415 [Test worker] INFO  com.demo.utils.MyListener -- List size -> 0
19:27:00.417 [Test worker] INFO  com.demo.utils.MyListener -- =========================================================
19:27:00.417 [Test worker] INFO  com.demo.utils.MyListener -- Before find elements -> Logger[com.demo.utils.MyListener]
19:27:00.417 [Test worker] INFO  com.demo.utils.MyListener -- =========================================================
19:27:00.453 [Test worker] INFO  com.demo.utils.MyListener -- List size -> 1
19:27:00.453 [Test worker] INFO  com.demo.utils.MyListener -- =========================================================
19:27:00.455 [Test worker] INFO  com.demo.utils.MyListener -- The locator will find -> By.xpath: //a[text()='Log out']
19:27:00.455 [Test worker] INFO  com.demo.utils.MyListener -- =========================================================
19:27:00.495 [Test worker] INFO  com.demo.utils.MyListener -- The locator is -> By.xpath: //a[text()='Log out']
19:27:00.495 [Test worker] INFO  com.demo.utils.MyListener -- =========================================================
19:27:02.368 [Test worker] INFO  com.demo.tests.TestBase -- Start testloginNegativeWithoutEmailTest[]
19:27:02.368 [Test worker] INFO  com.demo.utils.MyListener -- The locator will find -> By.cssSelector: [href*='/login']
19:27:02.368 [Test worker] INFO  com.demo.utils.MyListener -- =========================================================
19:27:02.424 [Test worker] INFO  com.demo.utils.MyListener -- The locator is -> By.cssSelector: [href*='/login']
19:27:02.424 [Test worker] INFO  com.demo.utils.MyListener -- =========================================================
19:27:03.264 [Test worker] INFO  com.demo.utils.MyListener -- The locator will find -> By.id: Password
19:27:03.264 [Test worker] INFO  com.demo.utils.MyListener -- =========================================================
19:27:03.294 [Test worker] INFO  com.demo.utils.MyListener -- The locator is -> By.id: Password
19:27:03.295 [Test worker] INFO  com.demo.utils.MyListener -- =========================================================
19:27:03.492 [Test worker] INFO  com.demo.utils.MyListener -- The locator will find -> By.id: Password
19:27:03.492 [Test worker] INFO  com.demo.utils.MyListener -- =========================================================
19:27:03.516 [Test worker] INFO  com.demo.utils.MyListener -- The locator is -> By.id: Password
19:27:03.517 [Test worker] INFO  com.demo.utils.MyListener -- =========================================================
19:27:03.582 [Test worker] INFO  com.demo.utils.MyListener -- The locator will find -> By.id: Password
19:27:03.582 [Test worker] INFO  com.demo.utils.MyListener -- =========================================================
19:27:03.611 [Test worker] INFO  com.demo.utils.MyListener -- The locator is -> By.id: Password
19:27:03.611 [Test worker] INFO  com.demo.utils.MyListener -- =========================================================
19:27:03.709 [Test worker] INFO  com.demo.utils.MyListener -- The locator will find -> By.xpath: //input[@class='button-1 login-button']
19:27:03.710 [Test worker] INFO  com.demo.utils.MyListener -- =========================================================
19:27:03.750 [Test worker] INFO  com.demo.utils.MyListener -- The locator is -> By.xpath: //input[@class='button-1 login-button']
19:27:03.750 [Test worker] INFO  com.demo.utils.MyListener -- =========================================================
19:27:03.950 [Test worker] INFO  com.demo.utils.MyListener -- Before find elements -> Logger[com.demo.utils.MyListener]
19:27:03.950 [Test worker] INFO  com.demo.utils.MyListener -- =========================================================
19:27:04.819 [Test worker] INFO  com.demo.utils.MyListener -- List size -> 1
19:27:04.820 [Test worker] INFO  com.demo.utils.MyListener -- =========================================================
19:27:04.824 [Test worker] INFO  com.demo.tests.TestBase -- PASSED: loginNegativeWithoutEmailTest
19:27:04.824 [Test worker] INFO  com.demo.tests.TestBase -- Stop test
19:27:04.824 [Test worker] INFO  com.demo.tests.TestBase -- ===============================================================
19:27:04.826 [Test worker] INFO  com.demo.utils.MyListener -- Before find elements -> Logger[com.demo.utils.MyListener]
19:27:04.829 [Test worker] INFO  com.demo.utils.MyListener -- =========================================================
19:27:04.847 [Test worker] INFO  com.demo.utils.MyListener -- List size -> 2
19:27:04.847 [Test worker] INFO  com.demo.utils.MyListener -- =========================================================
19:27:04.847 [Test worker] INFO  com.demo.utils.MyListener -- The locator will find -> By.cssSelector: span.cart-label
19:27:04.847 [Test worker] INFO  com.demo.utils.MyListener -- =========================================================
19:27:04.868 [Test worker] INFO  com.demo.utils.MyListener -- The locator is -> By.cssSelector: span.cart-label
19:27:04.870 [Test worker] INFO  com.demo.utils.MyListener -- =========================================================
19:27:05.693 [Test worker] INFO  com.demo.utils.MyListener -- Before find elements -> Logger[com.demo.utils.MyListener]
19:27:05.693 [Test worker] INFO  com.demo.utils.MyListener -- =========================================================
19:27:15.709 [Test worker] INFO  com.demo.utils.MyListener -- List size -> 0
19:27:15.709 [Test worker] INFO  com.demo.utils.MyListener -- =========================================================
19:27:15.709 [Test worker] INFO  com.demo.utils.MyListener -- Before find elements -> Logger[com.demo.utils.MyListener]
19:27:15.709 [Test worker] INFO  com.demo.utils.MyListener -- =========================================================
19:27:25.772 [Test worker] INFO  com.demo.utils.MyListener -- List size -> 0
19:27:25.772 [Test worker] INFO  com.demo.utils.MyListener -- =========================================================
19:27:25.800 [Test worker] INFO  com.demo.tests.TestBase -- Start testloginPositiveTest[]
19:27:25.803 [Test worker] INFO  com.demo.tests.TestBase -- Login with data -> hatip45779@insfou.com************Aa!12345
19:27:25.803 [Test worker] INFO  com.demo.utils.MyListener -- The locator will find -> By.cssSelector: [href*='/login']
19:27:25.803 [Test worker] INFO  com.demo.utils.MyListener -- =========================================================
19:27:25.825 [Test worker] INFO  com.demo.utils.MyListener -- The locator is -> By.cssSelector: [href*='/login']
19:27:25.825 [Test worker] INFO  com.demo.utils.MyListener -- =========================================================
19:27:26.773 [Test worker] INFO  com.demo.utils.MyListener -- The locator will find -> By.id: Email
19:27:26.773 [Test worker] INFO  com.demo.utils.MyListener -- =========================================================
19:27:26.807 [Test worker] INFO  com.demo.utils.MyListener -- The locator is -> By.id: Email
19:27:26.807 [Test worker] INFO  com.demo.utils.MyListener -- =========================================================
19:27:27.021 [Test worker] INFO  com.demo.utils.MyListener -- The locator will find -> By.id: Email
19:27:27.023 [Test worker] INFO  com.demo.utils.MyListener -- =========================================================
19:27:27.040 [Test worker] INFO  com.demo.utils.MyListener -- The locator is -> By.id: Email
19:27:27.040 [Test worker] INFO  com.demo.utils.MyListener -- =========================================================
19:27:27.099 [Test worker] INFO  com.demo.utils.MyListener -- The locator will find -> By.id: Email
19:27:27.099 [Test worker] INFO  com.demo.utils.MyListener -- =========================================================
19:27:27.116 [Test worker] INFO  com.demo.utils.MyListener -- The locator is -> By.id: Email
19:27:27.116 [Test worker] INFO  com.demo.utils.MyListener -- =========================================================
19:27:27.227 [Test worker] INFO  com.demo.utils.MyListener -- The locator will find -> By.id: Password
19:27:27.227 [Test worker] INFO  com.demo.utils.MyListener -- =========================================================
19:27:27.245 [Test worker] INFO  com.demo.utils.MyListener -- The locator is -> By.id: Password
19:27:27.245 [Test worker] INFO  com.demo.utils.MyListener -- =========================================================
19:27:27.387 [Test worker] INFO  com.demo.utils.MyListener -- The locator will find -> By.id: Password
19:27:27.387 [Test worker] INFO  com.demo.utils.MyListener -- =========================================================
19:27:27.406 [Test worker] INFO  com.demo.utils.MyListener -- The locator is -> By.id: Password
19:27:27.406 [Test worker] INFO  com.demo.utils.MyListener -- =========================================================
19:27:27.462 [Test worker] INFO  com.demo.utils.MyListener -- The locator will find -> By.id: Password
19:27:27.462 [Test worker] INFO  com.demo.utils.MyListener -- =========================================================
19:27:27.479 [Test worker] INFO  com.demo.utils.MyListener -- The locator is -> By.id: Password
19:27:27.479 [Test worker] INFO  com.demo.utils.MyListener -- =========================================================
19:27:27.556 [Test worker] INFO  com.demo.utils.MyListener -- The locator will find -> By.xpath: //input[@class='button-1 login-button']
19:27:27.556 [Test worker] INFO  com.demo.utils.MyListener -- =========================================================
19:27:27.574 [Test worker] INFO  com.demo.utils.MyListener -- The locator is -> By.xpath: //input[@class='button-1 login-button']
19:27:27.574 [Test worker] INFO  com.demo.utils.MyListener -- =========================================================
19:27:27.733 [Test worker] INFO  com.demo.utils.MyListener -- Before find elements -> Logger[com.demo.utils.MyListener]
19:27:27.734 [Test worker] INFO  com.demo.utils.MyListener -- =========================================================
19:27:29.515 [Test worker] INFO  com.demo.utils.MyListener -- List size -> 1
19:27:29.515 [Test worker] INFO  com.demo.utils.MyListener -- =========================================================
19:27:29.519 [Test worker] INFO  com.demo.tests.TestBase -- PASSED: loginPositiveTest
19:27:29.519 [Test worker] INFO  com.demo.tests.TestBase -- Stop test
19:27:29.519 [Test worker] INFO  com.demo.tests.TestBase -- ===============================================================
]]></system-out>
  <system-err><![CDATA[]]></system-err>
</testsuite>
