<?xml version="1.0" encoding="UTF-8"?>
<testsuite name="com.demo.tests.AddItemToCartTests" tests="2" skipped="0" failures="0" errors="0" timestamp="2025-05-03T17:24:31" hostname="LAPTOP-6EFDPQFV" time="32.69">
  <properties/>
  <testcase name="addFirstItemToCartTest" classname="com.demo.tests.AddItemToCartTests" time="4.88"/>
  <testcase name="addSecondItemToCartTest" classname="com.demo.tests.AddItemToCartTests" time="11.868"/>
  <system-out><![CDATA[19:24:04.812 [Test worker] INFO  com.demo.utils.MyListener -- Before find elements -> Logger[com.demo.utils.MyListener]
19:24:04.823 [Test worker] INFO  com.demo.utils.MyListener -- =========================================================
19:24:05.090 [Test worker] INFO  com.demo.utils.MyListener -- List size -> 2
19:24:05.091 [Test worker] INFO  com.demo.utils.MyListener -- =========================================================
19:24:05.093 [Test worker] INFO  com.demo.utils.MyListener -- The locator will find -> By.cssSelector: span.cart-label
19:24:05.095 [Test worker] INFO  com.demo.utils.MyListener -- =========================================================
19:24:05.158 [Test worker] INFO  com.demo.utils.MyListener -- The locator is -> By.cssSelector: span.cart-label
19:24:05.158 [Test worker] INFO  com.demo.utils.MyListener -- =========================================================
19:24:06.216 [Test worker] INFO  com.demo.utils.MyListener -- Before find elements -> Logger[com.demo.utils.MyListener]
19:24:06.216 [Test worker] INFO  com.demo.utils.MyListener -- =========================================================
19:24:16.295 [Test worker] INFO  com.demo.utils.MyListener -- List size -> 0
19:24:16.295 [Test worker] INFO  com.demo.utils.MyListener -- =========================================================
19:24:16.295 [Test worker] INFO  com.demo.utils.MyListener -- Before find elements -> Logger[com.demo.utils.MyListener]
19:24:16.295 [Test worker] INFO  com.demo.utils.MyListener -- =========================================================
19:24:26.344 [Test worker] INFO  com.demo.utils.MyListener -- List size -> 0
19:24:26.349 [Test worker] INFO  com.demo.utils.MyListener -- =========================================================
19:24:26.358 [Test worker] INFO  com.demo.tests.TestBase -- Start testaddFirstItemToCartTest[]
19:24:26.361 [Test worker] INFO  com.demo.utils.MyListener -- The locator will find -> By.cssSelector: [href*='/login']
19:24:26.364 [Test worker] INFO  com.demo.utils.MyListener -- =========================================================
19:24:26.393 [Test worker] INFO  com.demo.utils.MyListener -- The locator is -> By.cssSelector: [href*='/login']
19:24:26.399 [Test worker] INFO  com.demo.utils.MyListener -- =========================================================
19:24:27.366 [Test worker] INFO  com.demo.utils.MyListener -- The locator will find -> By.id: Email
19:24:27.374 [Test worker] INFO  com.demo.utils.MyListener -- =========================================================
19:24:27.423 [Test worker] INFO  com.demo.utils.MyListener -- The locator is -> By.id: Email
19:24:27.429 [Test worker] INFO  com.demo.utils.MyListener -- =========================================================
19:24:27.597 [Test worker] INFO  com.demo.utils.MyListener -- The locator will find -> By.id: Email
19:24:27.602 [Test worker] INFO  com.demo.utils.MyListener -- =========================================================
19:24:27.622 [Test worker] INFO  com.demo.utils.MyListener -- The locator is -> By.id: Email
19:24:27.622 [Test worker] INFO  com.demo.utils.MyListener -- =========================================================
19:24:27.686 [Test worker] INFO  com.demo.utils.MyListener -- The locator will find -> By.id: Email
19:24:27.686 [Test worker] INFO  com.demo.utils.MyListener -- =========================================================
19:24:27.701 [Test worker] INFO  com.demo.utils.MyListener -- The locator is -> By.id: Email
19:24:27.707 [Test worker] INFO  com.demo.utils.MyListener -- =========================================================
19:24:27.900 [Test worker] INFO  com.demo.utils.MyListener -- The locator will find -> By.id: Password
19:24:27.900 [Test worker] INFO  com.demo.utils.MyListener -- =========================================================
19:24:27.932 [Test worker] INFO  com.demo.utils.MyListener -- The locator is -> By.id: Password
19:24:27.932 [Test worker] INFO  com.demo.utils.MyListener -- =========================================================
19:24:28.114 [Test worker] INFO  com.demo.utils.MyListener -- The locator will find -> By.id: Password
19:24:28.114 [Test worker] INFO  com.demo.utils.MyListener -- =========================================================
19:24:28.137 [Test worker] INFO  com.demo.utils.MyListener -- The locator is -> By.id: Password
19:24:28.137 [Test worker] INFO  com.demo.utils.MyListener -- =========================================================
19:24:28.191 [Test worker] INFO  com.demo.utils.MyListener -- The locator will find -> By.id: Password
19:24:28.191 [Test worker] INFO  com.demo.utils.MyListener -- =========================================================
19:24:28.210 [Test worker] INFO  com.demo.utils.MyListener -- The locator is -> By.id: Password
19:24:28.212 [Test worker] INFO  com.demo.utils.MyListener -- =========================================================
19:24:28.314 [Test worker] INFO  com.demo.utils.MyListener -- The locator will find -> By.xpath: //input[@class='button-1 login-button']
19:24:28.315 [Test worker] INFO  com.demo.utils.MyListener -- =========================================================
19:24:28.364 [Test worker] INFO  com.demo.utils.MyListener -- The locator is -> By.xpath: //input[@class='button-1 login-button']
19:24:28.364 [Test worker] INFO  com.demo.utils.MyListener -- =========================================================
19:24:31.238 [Test worker] INFO  com.demo.utils.MyListener -- The locator will find -> By.cssSelector: div.product-item[data-productid='31']
19:24:31.240 [Test worker] INFO  com.demo.utils.MyListener -- =========================================================
19:24:31.314 [Test worker] INFO  com.demo.utils.MyListener -- The locator is -> By.cssSelector: div.product-item[data-productid='31']
19:24:31.314 [Test worker] INFO  com.demo.utils.MyListener -- =========================================================
19:24:31.411 [Test worker] INFO  com.demo.utils.MyListener -- The locator will find -> By.cssSelector: div.product-item[data-productid='31']
19:24:31.411 [Test worker] INFO  com.demo.utils.MyListener -- =========================================================
19:24:31.447 [Test worker] INFO  com.demo.utils.MyListener -- The locator is -> By.cssSelector: div.product-item[data-productid='31']
19:24:31.447 [Test worker] INFO  com.demo.utils.MyListener -- =========================================================
19:24:31.699 [Test worker] INFO  com.demo.utils.MyListener -- The locator will find -> By.cssSelector: #bar-notification .close
19:24:31.702 [Test worker] INFO  com.demo.utils.MyListener -- =========================================================
19:24:31.757 [Test worker] INFO  com.demo.utils.MyListener -- The locator is -> By.cssSelector: #bar-notification .close
19:24:31.758 [Test worker] INFO  com.demo.utils.MyListener -- =========================================================
19:24:32.306 [Test worker] INFO  com.demo.utils.MyListener -- The locator will find -> By.cssSelector: #bar-notification .close
19:24:32.310 [Test worker] INFO  com.demo.utils.MyListener -- =========================================================
19:24:32.348 [Test worker] INFO  com.demo.utils.MyListener -- The locator is -> By.cssSelector: #bar-notification .close
19:24:32.350 [Test worker] INFO  com.demo.utils.MyListener -- =========================================================
19:24:32.897 [Test worker] INFO  com.demo.utils.MyListener -- The locator will find -> By.cssSelector: #bar-notification .close
19:24:32.899 [Test worker] INFO  com.demo.utils.MyListener -- =========================================================
19:24:32.946 [Test worker] INFO  com.demo.utils.MyListener -- The locator is -> By.cssSelector: #bar-notification .close
19:24:32.946 [Test worker] INFO  com.demo.utils.MyListener -- =========================================================
19:24:33.214 [Test worker] INFO  com.demo.utils.MyListener -- The locator will find -> By.id: bar-notification
19:24:33.222 [Test worker] INFO  com.demo.utils.MyListener -- =========================================================
19:24:33.278 [Test worker] INFO  com.demo.utils.MyListener -- The locator is -> By.id: bar-notification
19:24:33.280 [Test worker] INFO  com.demo.utils.MyListener -- =========================================================
19:24:33.837 [Test worker] INFO  com.demo.utils.MyListener -- The locator will find -> By.id: bar-notification
19:24:33.839 [Test worker] INFO  com.demo.utils.MyListener -- =========================================================
19:24:33.866 [Test worker] INFO  com.demo.utils.MyListener -- The locator is -> By.id: bar-notification
19:24:33.868 [Test worker] INFO  com.demo.utils.MyListener -- =========================================================
19:24:34.409 [Test worker] INFO  com.demo.utils.MyListener -- The locator will find -> By.id: bar-notification
19:24:34.410 [Test worker] INFO  com.demo.utils.MyListener -- =========================================================
19:24:34.428 [Test worker] INFO  com.demo.utils.MyListener -- The locator is -> By.id: bar-notification
19:24:34.430 [Test worker] INFO  com.demo.utils.MyListener -- =========================================================
19:24:34.454 [Test worker] INFO  com.demo.utils.MyListener -- The locator will find -> By.cssSelector: span.cart-label
19:24:34.454 [Test worker] INFO  com.demo.utils.MyListener -- =========================================================
19:24:34.478 [Test worker] INFO  com.demo.utils.MyListener -- The locator is -> By.cssSelector: span.cart-label
19:24:34.480 [Test worker] INFO  com.demo.utils.MyListener -- =========================================================
19:24:36.052 [Test worker] INFO  com.demo.utils.MyListener -- The locator will find -> By.cssSelector: td.product a.product-name
19:24:36.053 [Test worker] INFO  com.demo.utils.MyListener -- =========================================================
19:24:36.080 [Test worker] INFO  com.demo.utils.MyListener -- The locator is -> By.cssSelector: td.product a.product-name
19:24:36.082 [Test worker] INFO  com.demo.utils.MyListener -- =========================================================
19:24:36.118 [Test worker] INFO  com.demo.tests.TestBase -- PASSED: addFirstItemToCartTest
19:24:36.120 [Test worker] INFO  com.demo.tests.TestBase -- Stop test
19:24:36.120 [Test worker] INFO  com.demo.tests.TestBase -- ===============================================================
19:24:36.128 [Test worker] INFO  com.demo.utils.MyListener -- Before find elements -> Logger[com.demo.utils.MyListener]
19:24:36.128 [Test worker] INFO  com.demo.utils.MyListener -- =========================================================
19:24:36.393 [Test worker] INFO  com.demo.utils.MyListener -- List size -> 2
19:24:36.393 [Test worker] INFO  com.demo.utils.MyListener -- =========================================================
19:24:36.393 [Test worker] INFO  com.demo.utils.MyListener -- The locator will find -> By.cssSelector: span.cart-label
19:24:36.395 [Test worker] INFO  com.demo.utils.MyListener -- =========================================================
19:24:36.427 [Test worker] INFO  com.demo.utils.MyListener -- The locator is -> By.cssSelector: span.cart-label
19:24:36.428 [Test worker] INFO  com.demo.utils.MyListener -- =========================================================
19:24:38.246 [Test worker] INFO  com.demo.utils.MyListener -- Before find elements -> Logger[com.demo.utils.MyListener]
19:24:38.250 [Test worker] INFO  com.demo.utils.MyListener -- =========================================================
19:24:48.305 [Test worker] INFO  com.demo.utils.MyListener -- List size -> 0
19:24:48.306 [Test worker] INFO  com.demo.utils.MyListener -- =========================================================
19:24:48.306 [Test worker] INFO  com.demo.utils.MyListener -- Before find elements -> Logger[com.demo.utils.MyListener]
19:24:48.306 [Test worker] INFO  com.demo.utils.MyListener -- =========================================================
19:24:48.326 [Test worker] INFO  com.demo.utils.MyListener -- List size -> 1
19:24:48.326 [Test worker] INFO  com.demo.utils.MyListener -- =========================================================
19:24:48.330 [Test worker] INFO  com.demo.utils.MyListener -- The locator will find -> By.xpath: //a[text()='Log out']
19:24:48.330 [Test worker] INFO  com.demo.utils.MyListener -- =========================================================
19:24:48.382 [Test worker] INFO  com.demo.utils.MyListener -- The locator is -> By.xpath: //a[text()='Log out']
19:24:48.384 [Test worker] INFO  com.demo.utils.MyListener -- =========================================================
19:24:50.214 [Test worker] INFO  com.demo.tests.TestBase -- Start testaddSecondItemToCartTest[]
19:24:50.217 [Test worker] INFO  com.demo.utils.MyListener -- The locator will find -> By.cssSelector: [href*='/login']
19:24:50.217 [Test worker] INFO  com.demo.utils.MyListener -- =========================================================
19:24:50.244 [Test worker] INFO  com.demo.utils.MyListener -- The locator is -> By.cssSelector: [href*='/login']
19:24:50.244 [Test worker] INFO  com.demo.utils.MyListener -- =========================================================
19:24:51.204 [Test worker] INFO  com.demo.utils.MyListener -- The locator will find -> By.id: Email
19:24:51.210 [Test worker] INFO  com.demo.utils.MyListener -- =========================================================
19:24:51.250 [Test worker] INFO  com.demo.utils.MyListener -- The locator is -> By.id: Email
19:24:51.250 [Test worker] INFO  com.demo.utils.MyListener -- =========================================================
19:24:51.400 [Test worker] INFO  com.demo.utils.MyListener -- The locator will find -> By.id: Email
19:24:51.400 [Test worker] INFO  com.demo.utils.MyListener -- =========================================================
19:24:51.417 [Test worker] INFO  com.demo.utils.MyListener -- The locator is -> By.id: Email
19:24:51.419 [Test worker] INFO  com.demo.utils.MyListener -- =========================================================
19:24:51.463 [Test worker] INFO  com.demo.utils.MyListener -- The locator will find -> By.id: Email
19:24:51.463 [Test worker] INFO  com.demo.utils.MyListener -- =========================================================
19:24:51.480 [Test worker] INFO  com.demo.utils.MyListener -- The locator is -> By.id: Email
19:24:51.481 [Test worker] INFO  com.demo.utils.MyListener -- =========================================================
19:24:51.570 [Test worker] INFO  com.demo.utils.MyListener -- The locator will find -> By.id: Password
19:24:51.570 [Test worker] INFO  com.demo.utils.MyListener -- =========================================================
19:24:51.593 [Test worker] INFO  com.demo.utils.MyListener -- The locator is -> By.id: Password
19:24:51.593 [Test worker] INFO  com.demo.utils.MyListener -- =========================================================
19:24:51.753 [Test worker] INFO  com.demo.utils.MyListener -- The locator will find -> By.id: Password
19:24:51.756 [Test worker] INFO  com.demo.utils.MyListener -- =========================================================
19:24:51.778 [Test worker] INFO  com.demo.utils.MyListener -- The locator is -> By.id: Password
19:24:51.778 [Test worker] INFO  com.demo.utils.MyListener -- =========================================================
19:24:51.852 [Test worker] INFO  com.demo.utils.MyListener -- The locator will find -> By.id: Password
19:24:51.852 [Test worker] INFO  com.demo.utils.MyListener -- =========================================================
19:24:51.867 [Test worker] INFO  com.demo.utils.MyListener -- The locator is -> By.id: Password
19:24:51.867 [Test worker] INFO  com.demo.utils.MyListener -- =========================================================
19:24:51.930 [Test worker] INFO  com.demo.utils.MyListener -- The locator will find -> By.xpath: //input[@class='button-1 login-button']
19:24:51.930 [Test worker] INFO  com.demo.utils.MyListener -- =========================================================
19:24:51.950 [Test worker] INFO  com.demo.utils.MyListener -- The locator is -> By.xpath: //input[@class='button-1 login-button']
19:24:51.950 [Test worker] INFO  com.demo.utils.MyListener -- =========================================================
19:24:52.052 [Test worker] INFO  com.demo.utils.MyListener -- The locator will find -> By.cssSelector: div.product-item[data-productid='72']
19:24:52.052 [Test worker] INFO  com.demo.utils.MyListener -- =========================================================
19:24:54.347 [Test worker] INFO  com.demo.utils.MyListener -- The locator is -> By.cssSelector: div.product-item[data-productid='72']
19:24:54.347 [Test worker] INFO  com.demo.utils.MyListener -- =========================================================
19:24:54.428 [Test worker] INFO  com.demo.utils.MyListener -- The locator will find -> By.cssSelector: div.product-item[data-productid='72']
19:24:54.430 [Test worker] INFO  com.demo.utils.MyListener -- =========================================================
19:24:54.454 [Test worker] INFO  com.demo.utils.MyListener -- The locator is -> By.cssSelector: div.product-item[data-productid='72']
19:24:54.454 [Test worker] INFO  com.demo.utils.MyListener -- =========================================================
19:24:56.797 [Test worker] INFO  com.demo.utils.MyListener -- The locator will find -> By.cssSelector: input#add-to-cart-button-72
19:24:56.797 [Test worker] INFO  com.demo.utils.MyListener -- =========================================================
19:24:56.838 [Test worker] INFO  com.demo.utils.MyListener -- The locator is -> By.cssSelector: input#add-to-cart-button-72
19:24:56.838 [Test worker] INFO  com.demo.utils.MyListener -- =========================================================
19:24:57.050 [Test worker] INFO  com.demo.utils.MyListener -- The locator will find -> By.cssSelector: #bar-notification .close
19:24:57.050 [Test worker] INFO  com.demo.utils.MyListener -- =========================================================
19:24:57.080 [Test worker] INFO  com.demo.utils.MyListener -- The locator is -> By.cssSelector: #bar-notification .close
19:24:57.080 [Test worker] INFO  com.demo.utils.MyListener -- =========================================================
19:24:57.622 [Test worker] INFO  com.demo.utils.MyListener -- The locator will find -> By.cssSelector: #bar-notification .close
19:24:57.624 [Test worker] INFO  com.demo.utils.MyListener -- =========================================================
19:24:57.650 [Test worker] INFO  com.demo.utils.MyListener -- The locator is -> By.cssSelector: #bar-notification .close
19:24:57.650 [Test worker] INFO  com.demo.utils.MyListener -- =========================================================
19:24:58.184 [Test worker] INFO  com.demo.utils.MyListener -- The locator will find -> By.cssSelector: #bar-notification .close
19:24:58.184 [Test worker] INFO  com.demo.utils.MyListener -- =========================================================
19:24:58.206 [Test worker] INFO  com.demo.utils.MyListener -- The locator is -> By.cssSelector: #bar-notification .close
19:24:58.206 [Test worker] INFO  com.demo.utils.MyListener -- =========================================================
19:24:58.746 [Test worker] INFO  com.demo.utils.MyListener -- The locator will find -> By.cssSelector: #bar-notification .close
19:24:58.747 [Test worker] INFO  com.demo.utils.MyListener -- =========================================================
19:24:58.761 [Test worker] INFO  com.demo.utils.MyListener -- The locator is -> By.cssSelector: #bar-notification .close
19:24:58.761 [Test worker] INFO  com.demo.utils.MyListener -- =========================================================
19:24:59.291 [Test worker] INFO  com.demo.utils.MyListener -- The locator will find -> By.cssSelector: #bar-notification .close
19:24:59.296 [Test worker] INFO  com.demo.utils.MyListener -- =========================================================
19:24:59.324 [Test worker] INFO  com.demo.utils.MyListener -- The locator is -> By.cssSelector: #bar-notification .close
19:24:59.330 [Test worker] INFO  com.demo.utils.MyListener -- =========================================================
19:24:59.602 [Test worker] INFO  com.demo.utils.MyListener -- The locator will find -> By.id: bar-notification
19:24:59.604 [Test worker] INFO  com.demo.utils.MyListener -- =========================================================
19:24:59.643 [Test worker] INFO  com.demo.utils.MyListener -- The locator is -> By.id: bar-notification
19:24:59.645 [Test worker] INFO  com.demo.utils.MyListener -- =========================================================
19:25:00.176 [Test worker] INFO  com.demo.utils.MyListener -- The locator will find -> By.id: bar-notification
19:25:00.176 [Test worker] INFO  com.demo.utils.MyListener -- =========================================================
19:25:00.210 [Test worker] INFO  com.demo.utils.MyListener -- The locator is -> By.id: bar-notification
19:25:00.211 [Test worker] INFO  com.demo.utils.MyListener -- =========================================================
19:25:00.746 [Test worker] INFO  com.demo.utils.MyListener -- The locator will find -> By.id: bar-notification
19:25:00.746 [Test worker] INFO  com.demo.utils.MyListener -- =========================================================
19:25:00.770 [Test worker] INFO  com.demo.utils.MyListener -- The locator is -> By.id: bar-notification
19:25:00.770 [Test worker] INFO  com.demo.utils.MyListener -- =========================================================
19:25:01.303 [Test worker] INFO  com.demo.utils.MyListener -- The locator will find -> By.id: bar-notification
19:25:01.317 [Test worker] INFO  com.demo.utils.MyListener -- =========================================================
19:25:01.359 [Test worker] INFO  com.demo.utils.MyListener -- The locator is -> By.id: bar-notification
19:25:01.361 [Test worker] INFO  com.demo.utils.MyListener -- =========================================================
19:25:01.396 [Test worker] INFO  com.demo.utils.MyListener -- The locator will find -> By.cssSelector: span.cart-label
19:25:01.396 [Test worker] INFO  com.demo.utils.MyListener -- =========================================================
19:25:01.437 [Test worker] INFO  com.demo.utils.MyListener -- The locator is -> By.cssSelector: span.cart-label
19:25:01.437 [Test worker] INFO  com.demo.utils.MyListener -- =========================================================
19:25:03.818 [Test worker] INFO  com.demo.utils.MyListener -- Before find elements -> Logger[com.demo.utils.MyListener]
19:25:03.818 [Test worker] INFO  com.demo.utils.MyListener -- =========================================================
19:25:03.861 [Test worker] INFO  com.demo.utils.MyListener -- List size -> 2
19:25:03.863 [Test worker] INFO  com.demo.utils.MyListener -- =========================================================
19:25:03.923 [Test worker] INFO  com.demo.tests.TestBase -- PASSED: addSecondItemToCartTest
19:25:03.923 [Test worker] INFO  com.demo.tests.TestBase -- Stop test
19:25:03.924 [Test worker] INFO  com.demo.tests.TestBase -- ===============================================================
]]></system-out>
  <system-err><![CDATA[]]></system-err>
</testsuite>
